<?xml version="1.0" encoding="UTF-8"?>
<!-- Generated by org.testng.reporters.JUnitReportReporter -->
<testsuite hostname="LAPTOP-J2H72JVH" failures="0" tests="5" name="com.qa.opencart.tests.LoginPageTest" time="1.258" errors="0" timestamp="2024-09-29T15:59:20 GMT-07:00" skipped="0">
  <testcase classname="com.qa.opencart.tests.LoginPageTest" name="getloginPageURLTest" time="0.000"/>
  <system-out/>
  <testcase classname="com.qa.opencart.tests.LoginPageTest" name="forgotPwdLinkExistTest" time="0.059"/>
  <system-out/>
  <testcase classname="com.qa.opencart.tests.LoginPageTest" name="getloginPageTitleTest" time="0.039"/>
  <system-out/>
  <testcase classname="com.qa.opencart.tests.LoginPageTest" name="logoExistTest" time="0.032"/>
  <system-out/>
  <testcase classname="com.qa.opencart.tests.LoginPageTest" name="loginTest" time="1.128"/>
  <system-out/>
</testsuite> <!-- com.qa.opencart.tests.LoginPageTest -->
