<?xml version="1.0" encoding="UTF-8"?>
<!-- Generated by org.testng.reporters.JUnitReportReporter -->
<testsuite hostname="LAPTOP-J2H72JVH" failures="0" tests="1" name="com.qa.opencart.tests.AccountPageTest" time="0.027" errors="0" timestamp="2024-09-29T17:52:08 GMT-07:00" skipped="0">
  <testcase classname="com.qa.opencart.tests.AccountPageTest" name="getAcountPageTitleTest" time="0.027"/>
  <system-out/>
</testsuite> <!-- com.qa.opencart.tests.AccountPageTest -->
